This is pdfTeX, Version 3.141592653-2.6-1.40.25 (MiKTeX 24.1) (preloaded format=pdflatex 2024.11.26)  11 JAN 2025 09:54
entering extended mode
 restricted \write18 enabled.
 %&-line parsing enabled.
**D:/ProgettoFIA/DocumentazioneProgetto/DocumentazioneProgettoGitHub/NozApp/doc
s/nozApp.tex

(D:/ProgettoFIA/DocumentazioneProgetto/DocumentazioneProgettoGitHub/NozApp/docs
/nozApp.tex
LaTeX2e <2023-11-01> patch level 1
L3 programming layer <2024-01-04>
(D:\MikTex Latex\tex/latex/base\article.cls
Document Class: article 2023/05/17 v1.4n Standard LaTeX document class
(D:\MikTex Latex\tex/latex/base\size12.clo
File: size12.clo 2023/05/17 v1.4n Standard LaTeX file (size option)
)
\c@part=\count187
\c@section=\count188
\c@subsection=\count189
\c@subsubsection=\count190
\c@paragraph=\count191
\c@subparagraph=\count192
\c@figure=\count193
\c@table=\count194
\abovecaptionskip=\skip48
\belowcaptionskip=\skip49
\bibindent=\dimen140
)
(D:\MikTex Latex\tex/latex/base\inputenc.sty
Package: inputenc 2021/02/14 v1.3d Input encoding file
\inpenc@prehook=\toks17
\inpenc@posthook=\toks18
)
(D:\MikTex Latex\tex/generic/babel\babel.sty
Package: babel 2024/01/07 v24.1 The Babel package
\babel@savecnt=\count195
\U@D=\dimen141
\l@unhyphenated=\language79

(D:\MikTex Latex\tex/generic/babel\txtbabel.def)
\bbl@readstream=\read2
\bbl@dirlevel=\count196

*************************************
* Local config file bblopts.cfg used
*
(D:\MikTex Latex\tex/latex/arabi\bblopts.cfg
File: bblopts.cfg 2005/09/08 v0.1 add Arabic and Farsi to "declared" options of
 babel
)
(D:\MikTex Latex\tex/latex/babel-italian\italian.ldf
Language: italian 2024/10/10 v.1.5.01 Italian support for the babel system
\it@lettering=\count197
\it@doublequoteactive=\count198
\it@ISOcompliance=\count199
))
(D:\MikTex Latex\tex/generic/babel/locale/it\babel-italian.tex
Package babel Info: Importing font and identification data for italian
(babel)             from babel-it.ini. Reported on input line 11.
)
(D:\MikTex Latex\tex/latex/etoolbox\etoolbox.sty
Package: etoolbox 2020/10/05 v2.5k e-TeX tools for LaTeX (JAW)
\etb@tempcnta=\count266
)
(D:\MikTex Latex\tex/latex/titlesec\titlesec.sty
Package: titlesec 2023/10/27 v2.16 Sectioning titles
\ttl@box=\box51
\beforetitleunit=\skip50
\aftertitleunit=\skip51
\ttl@plus=\dimen142
\ttl@minus=\dimen143
\ttl@toksa=\toks19
\titlewidth=\dimen144
\titlewidthlast=\dimen145
\titlewidthfirst=\dimen146
)
(D:\MikTex Latex\tex/latex/xcolor\xcolor.sty
Package: xcolor 2023/11/15 v3.01 LaTeX color extensions (UK)

(D:\MikTex Latex\tex/latex/graphics-cfg\color.cfg
File: color.cfg 2016/01/02 v1.6 sample color configuration
)
Package xcolor Info: Driver file: pdftex.def on input line 274.

(D:\MikTex Latex\tex/latex/graphics-def\pdftex.def
File: pdftex.def 2022/09/22 v1.2b Graphics/color driver for pdftex
)
(D:\MikTex Latex\tex/latex/graphics\mathcolor.ltx)
Package xcolor Info: Model `cmy' substituted by `cmy0' on input line 1350.
Package xcolor Info: Model `hsb' substituted by `rgb' on input line 1354.
Package xcolor Info: Model `RGB' extended on input line 1366.
Package xcolor Info: Model `HTML' substituted by `rgb' on input line 1368.
Package xcolor Info: Model `Hsb' substituted by `hsb' on input line 1369.
Package xcolor Info: Model `tHsb' substituted by `hsb' on input line 1370.
Package xcolor Info: Model `HSB' substituted by `hsb' on input line 1371.
Package xcolor Info: Model `Gray' substituted by `gray' on input line 1372.
Package xcolor Info: Model `wave' substituted by `hsb' on input line 1373.
)
(D:\MikTex Latex\tex/latex/tocloft\tocloft.sty
Package: tocloft 2017/08/31 v2.3i parameterised ToC, etc., typesetting
Package tocloft Info: The document has section divisions on input line 51.
\cftparskip=\skip52
\cftbeforetoctitleskip=\skip53
\cftaftertoctitleskip=\skip54
\cftbeforepartskip=\skip55
\cftpartnumwidth=\skip56
\cftpartindent=\skip57
\cftbeforesecskip=\skip58
\cftsecindent=\skip59
\cftsecnumwidth=\skip60
\cftbeforesubsecskip=\skip61
\cftsubsecindent=\skip62
\cftsubsecnumwidth=\skip63
\cftbeforesubsubsecskip=\skip64
\cftsubsubsecindent=\skip65
\cftsubsubsecnumwidth=\skip66
\cftbeforeparaskip=\skip67
\cftparaindent=\skip68
\cftparanumwidth=\skip69
\cftbeforesubparaskip=\skip70
\cftsubparaindent=\skip71
\cftsubparanumwidth=\skip72
\cftbeforeloftitleskip=\skip73
\cftafterloftitleskip=\skip74
\cftbeforefigskip=\skip75
\cftfigindent=\skip76
\cftfignumwidth=\skip77
\c@lofdepth=\count267
\c@lotdepth=\count268
\cftbeforelottitleskip=\skip78
\cftafterlottitleskip=\skip79
\cftbeforetabskip=\skip80
\cfttabindent=\skip81
\cfttabnumwidth=\skip82
)
(D:\MikTex Latex\tex/latex/graphics\graphicx.sty
Package: graphicx 2021/09/16 v1.2d Enhanced LaTeX Graphics (DPC,SPQR)

(D:\MikTex Latex\tex/latex/graphics\keyval.sty
Package: keyval 2022/05/29 v1.15 key=value parser (DPC)
\KV@toks@=\toks20
)
(D:\MikTex Latex\tex/latex/graphics\graphics.sty
Package: graphics 2022/03/10 v1.4e Standard LaTeX Graphics (DPC,SPQR)

(D:\MikTex Latex\tex/latex/graphics\trig.sty
Package: trig 2021/08/11 v1.11 sin cos tan (DPC)
)
(D:\MikTex Latex\tex/latex/graphics-cfg\graphics.cfg
File: graphics.cfg 2016/06/04 v1.11 sample graphics configuration
)
Package graphics Info: Driver file: pdftex.def on input line 107.
)
\Gin@req@height=\dimen147
\Gin@req@width=\dimen148
)
(D:\MikTex Latex\tex/latex/tools\tabularx.sty
Package: tabularx 2023/07/08 v2.11c `tabularx' package (DPC)

(D:\MikTex Latex\tex/latex/tools\array.sty
Package: array 2023/10/16 v2.5g Tabular extension package (FMi)
\col@sep=\dimen149
\ar@mcellbox=\box52
\extrarowheight=\dimen150
\NC@list=\toks21
\extratabsurround=\skip83
\backup@length=\skip84
\ar@cellbox=\box53
)
\TX@col@width=\dimen151
\TX@old@table=\dimen152
\TX@old@col=\dimen153
\TX@target=\dimen154
\TX@delta=\dimen155
\TX@cols=\count269
\TX@ftn=\toks22
)
(D:\MikTex Latex\tex/latex/colortbl\colortbl.sty
Package: colortbl 2024/07/06 v1.0i Color table columns (DPC)
\everycr=\toks23
\minrowclearance=\skip85
\rownum=\count270
)

LaTeX Warning: Package "xcolor" has already been loaded: ignoring load-time
(LaTeX)        option "xcdraw".

(D:\MikTex Latex\tex/latex/hyperref\hyperref.sty
Package: hyperref 2023-11-26 v7.01g Hypertext links for LaTeX

(D:\MikTex Latex\tex/generic/iftex\iftex.sty
Package: iftex 2022/02/03 v1.0f TeX engine tests
)
(D:\MikTex Latex\tex/generic/infwarerr\infwarerr.sty
Package: infwarerr 2019/12/03 v1.5 Providing info/warning/error messages (HO)
)
(D:\MikTex Latex\tex/latex/kvsetkeys\kvsetkeys.sty
Package: kvsetkeys 2022-10-05 v1.19 Key value parser (HO)
)
(D:\MikTex Latex\tex/generic/kvdefinekeys\kvdefinekeys.sty
Package: kvdefinekeys 2019-12-19 v1.6 Define keys (HO)
)
(D:\MikTex Latex\tex/generic/pdfescape\pdfescape.sty
Package: pdfescape 2019/12/09 v1.15 Implements pdfTeX's escape features (HO)

(D:\MikTex Latex\tex/generic/ltxcmds\ltxcmds.sty
Package: ltxcmds 2023-12-04 v1.26 LaTeX kernel commands for general use (HO)
)
(D:\MikTex Latex\tex/generic/pdftexcmds\pdftexcmds.sty
Package: pdftexcmds 2020-06-27 v0.33 Utility functions of pdfTeX for LuaTeX (HO
)
Package pdftexcmds Info: \pdf@primitive is available.
Package pdftexcmds Info: \pdf@ifprimitive is available.
Package pdftexcmds Info: \pdfdraftmode found.
))
(D:\MikTex Latex\tex/latex/hycolor\hycolor.sty
Package: hycolor 2020-01-27 v1.10 Color options for hyperref/bookmark (HO)
)
(D:\MikTex Latex\tex/latex/letltxmacro\letltxmacro.sty
Package: letltxmacro 2019/12/03 v1.6 Let assignment for LaTeX macros (HO)
)
(D:\MikTex Latex\tex/latex/auxhook\auxhook.sty
Package: auxhook 2019-12-17 v1.6 Hooks for auxiliary files (HO)
)
(D:\MikTex Latex\tex/latex/hyperref\nameref.sty
Package: nameref 2023-11-26 v2.56 Cross-referencing by name of section

(D:\MikTex Latex\tex/latex/refcount\refcount.sty
Package: refcount 2019/12/15 v3.6 Data extraction from label references (HO)
)
(D:\MikTex Latex\tex/generic/gettitlestring\gettitlestring.sty
Package: gettitlestring 2019/12/15 v1.6 Cleanup title references (HO)

(D:\MikTex Latex\tex/latex/kvoptions\kvoptions.sty
Package: kvoptions 2022-06-15 v3.15 Key value format for package options (HO)
))
\c@section@level=\count271
)
\@linkdim=\dimen156
\Hy@linkcounter=\count272
\Hy@pagecounter=\count273

(D:\MikTex Latex\tex/latex/hyperref\pd1enc.def
File: pd1enc.def 2023-11-26 v7.01g Hyperref: PDFDocEncoding definition (HO)
Now handling font encoding PD1 ...
... no UTF-8 mapping file for font encoding PD1
)
(D:\MikTex Latex\tex/generic/intcalc\intcalc.sty
Package: intcalc 2019/12/15 v1.3 Expandable calculations with integers (HO)
)
\Hy@SavedSpaceFactor=\count274

(D:\MikTex Latex\tex/latex/hyperref\puenc.def
File: puenc.def 2023-11-26 v7.01g Hyperref: PDF Unicode definition (HO)
Now handling font encoding PU ...
... no UTF-8 mapping file for font encoding PU
)
Package hyperref Info: Hyper figures OFF on input line 4181.
Package hyperref Info: Link nesting OFF on input line 4186.
Package hyperref Info: Hyper index ON on input line 4189.
Package hyperref Info: Plain pages OFF on input line 4196.
Package hyperref Info: Backreferencing OFF on input line 4201.
Package hyperref Info: Implicit mode ON; LaTeX internals redefined.
Package hyperref Info: Bookmarks ON on input line 4448.
\c@Hy@tempcnt=\count275

(D:\MikTex Latex\tex/latex/url\url.sty
\Urlmuskip=\muskip16
Package: url 2013/09/16  ver 3.4  Verb mode for urls, etc.
)
LaTeX Info: Redefining \url on input line 4786.
\XeTeXLinkMargin=\dimen157

(D:\MikTex Latex\tex/generic/bitset\bitset.sty
Package: bitset 2019/12/09 v1.3 Handle bit-vector datatype (HO)

(D:\MikTex Latex\tex/generic/bigintcalc\bigintcalc.sty
Package: bigintcalc 2019/12/15 v1.5 Expandable calculations on big integers (HO
)
))
\Fld@menulength=\count276
\Field@Width=\dimen158
\Fld@charsize=\dimen159
Package hyperref Info: Hyper figures OFF on input line 6065.
Package hyperref Info: Link nesting OFF on input line 6070.
Package hyperref Info: Hyper index ON on input line 6073.
Package hyperref Info: backreferencing OFF on input line 6080.
Package hyperref Info: Link coloring OFF on input line 6085.
Package hyperref Info: Link coloring with OCG OFF on input line 6090.
Package hyperref Info: PDF/A mode OFF on input line 6095.

(D:\MikTex Latex\tex/latex/base\atbegshi-ltx.sty
Package: atbegshi-ltx 2021/01/10 v1.0c Emulation of the original atbegshi
package with kernel methods
)
\Hy@abspage=\count277
\c@Item=\count278
\c@Hfootnote=\count279
)
Package hyperref Info: Driver (autodetected): hpdftex.

(D:\MikTex Latex\tex/latex/hyperref\hpdftex.def
File: hpdftex.def 2023-11-26 v7.01g Hyperref driver for pdfTeX

(D:\MikTex Latex\tex/latex/base\atveryend-ltx.sty
Package: atveryend-ltx 2020/08/19 v1.0a Emulation of the original atveryend pac
kage
with kernel methods
)
\Fld@listcount=\count280
\c@bookmark@seq@number=\count281

(D:\MikTex Latex\tex/latex/rerunfilecheck\rerunfilecheck.sty
Package: rerunfilecheck 2022-07-10 v1.10 Rerun checks for auxiliary files (HO)

(D:\MikTex Latex\tex/generic/uniquecounter\uniquecounter.sty
Package: uniquecounter 2019/12/15 v1.4 Provide unlimited unique counter (HO)
)
Package uniquecounter Info: New unique counter `rerunfilecheck' on input line 2
85.
)
\Hy@SectionHShift=\skip86
)
(D:\MikTex Latex\tex/latex/geometry\geometry.sty
Package: geometry 2020/01/02 v5.9 Page Geometry

(D:\MikTex Latex\tex/generic/iftex\ifvtex.sty
Package: ifvtex 2019/10/25 v1.7 ifvtex legacy package. Use iftex instead.
)
\Gm@cnth=\count282
\Gm@cntv=\count283
\c@Gm@tempcnt=\count284
\Gm@bindingoffset=\dimen160
\Gm@wd@mp=\dimen161
\Gm@odd@mp=\dimen162
\Gm@even@mp=\dimen163
\Gm@layoutwidth=\dimen164
\Gm@layoutheight=\dimen165
\Gm@layouthoffset=\dimen166
\Gm@layoutvoffset=\dimen167
\Gm@dimlist=\toks24

(D:\MikTex Latex\tex/latex/geometry\geometry.cfg))
(D:\MikTex Latex\tex/latex/fancyhdr\fancyhdr.sty
Package: fancyhdr 2024/11/20 v4.4 Extensive control of page headers and footers

\f@nch@headwidth=\skip87
\f@nch@O@elh=\skip88
\f@nch@O@erh=\skip89
\f@nch@O@olh=\skip90
\f@nch@O@orh=\skip91
\f@nch@O@elf=\skip92
\f@nch@O@erf=\skip93
\f@nch@O@olf=\skip94
\f@nch@O@orf=\skip95
)
(D:\MikTex Latex\tex/latex/l3backend\l3backend-pdftex.def
File: l3backend-pdftex.def 2024-01-04 L3 backend support: PDF output (pdfTeX)
\l__color_backend_stack_int=\count285
\l__pdf_internal_box=\box54
)
No file nozApp.aux.
\openout1 = `nozApp.aux'.

LaTeX Font Info:    Checking defaults for OML/cmm/m/it on input line 41.
LaTeX Font Info:    ... okay on input line 41.
LaTeX Font Info:    Checking defaults for OMS/cmsy/m/n on input line 41.
LaTeX Font Info:    ... okay on input line 41.
LaTeX Font Info:    Checking defaults for OT1/cmr/m/n on input line 41.
LaTeX Font Info:    ... okay on input line 41.
LaTeX Font Info:    Checking defaults for T1/cmr/m/n on input line 41.
LaTeX Font Info:    ... okay on input line 41.
LaTeX Font Info:    Checking defaults for TS1/cmr/m/n on input line 41.
LaTeX Font Info:    ... okay on input line 41.
LaTeX Font Info:    Checking defaults for OMX/cmex/m/n on input line 41.
LaTeX Font Info:    ... okay on input line 41.
LaTeX Font Info:    Checking defaults for U/cmr/m/n on input line 41.
LaTeX Font Info:    ... okay on input line 41.
LaTeX Font Info:    Checking defaults for PD1/pdf/m/n on input line 41.
LaTeX Font Info:    ... okay on input line 41.
LaTeX Font Info:    Checking defaults for PU/pdf/m/n on input line 41.
LaTeX Font Info:    ... okay on input line 41.
LaTeX Info: Redefining \it@ocap on input line 41.
LaTeX Info: Redefining \it@ccap on input line 41.

File italian.ldf warning: 
italian.ldf    With OT1 encoding guillemets are poorly faked
italian.ldf    Use T1 encoding
italian.ldf    or specify a font with command \CaporaliFrom
italian.ldf    See the documentation concerning the babel-italian typesetting
italian.ldf    on input line 41.

(D:\MikTex Latex\tex/context/base/mkii\supp-pdf.mkii
[Loading MPS to PDF converter (version 2006.09.02).]
\scratchcounter=\count286
\scratchdimen=\dimen168
\scratchbox=\box55
\nofMPsegments=\count287
\nofMParguments=\count288
\everyMPshowfont=\toks25
\MPscratchCnt=\count289
\MPscratchDim=\dimen169
\MPnumerator=\count290
\makeMPintoPDFobject=\count291
\everyMPtoPDFconversion=\toks26
) (D:\MikTex Latex\tex/latex/epstopdf-pkg\epstopdf-base.sty
Package: epstopdf-base 2020-01-24 v2.11 Base part for package epstopdf
Package epstopdf-base Info: Redefining graphics rule for `.eps' on input line 4
85.

(D:\MikTex Latex\tex/latex/00miktex\epstopdf-sys.cfg
File: epstopdf-sys.cfg 2021/03/18 v2.0 Configuration of epstopdf for MiKTeX
))
Package hyperref Info: Link coloring OFF on input line 41.
\@outlinefile=\write3
\openout3 = `nozApp.out'.


*geometry* driver: auto-detecting
*geometry* detected driver: pdftex
*geometry* verbose mode - [ preamble ] result:
* driver: pdftex
* paper: a4paper
* layout: <same size as paper>
* layoutoffset:(h,v)=(0.0pt,0.0pt)
* modes: 
* h-part:(L,W,R)=(71.13188pt, 455.24411pt, 71.13188pt)
* v-part:(T,H,B)=(71.13188pt, 702.78308pt, 71.13188pt)
* \paperwidth=597.50787pt
* \paperheight=845.04684pt
* \textwidth=455.24411pt
* \textheight=702.78308pt
* \oddsidemargin=-1.1381pt
* \evensidemargin=-1.1381pt
* \topmargin=-38.1381pt
* \headheight=12.0pt
* \headsep=25.0pt
* \topskip=12.0pt
* \footskip=30.0pt
* \marginparwidth=35.0pt
* \marginparsep=10.0pt
* \columnsep=10.0pt
* \skip\footins=10.8pt plus 4.0pt minus 2.0pt
* \hoffset=0.0pt
* \voffset=0.0pt
* \mag=1000
* \@twocolumnfalse
* \@twosidefalse
* \@mparswitchfalse
* \@reversemarginfalse
* (1in=72.27pt=25.4mm, 1cm=28.453pt)


LaTeX Warning: File `logo.jpg' not found on input line 45.


! Package pdftex.def Error: File `logo.jpg' not found: using draft setting.

See the pdftex.def package documentation for explanation.
Type  H <return>  for immediate help.
 ...                                              
                                                  
l.45 ...udegraphics[width=0.2\textwidth]{logo.jpg}
                                                  \\[0.5cm]
? r
OK, entering \nonstopmode...
No file nozApp.toc.
\tf@toc=\write4
\openout4 = `nozApp.toc'.

[1

{C:/Users/loren/AppData/Local/MiKTeX/fonts/map/pdftex/pdftex.map}]
<./grafici/logo.jpg, id=11, 200.75pt x 200.75pt>
File: ./grafici/logo.jpg Graphic file (type jpg)
<use ./grafici/logo.jpg>
Package pdftex.def Info: ./grafici/logo.jpg  used on input line 78.
(pdftex.def)             Requested size: 34.14235pt x 34.14322pt.


Package fancyhdr Warning: \headheight is too small (12.0pt): 
(fancyhdr)                Make it at least 38.49326pt, for example:
(fancyhdr)                \setlength{\headheight}{38.49326pt}.
(fancyhdr)                You might also make \topmargin smaller to compensate:

(fancyhdr)                \addtolength{\topmargin}{-26.49326pt}.

[2 <D:/ProgettoFIA/DocumentazioneProgetto/DocumentazioneProgettoGitHub/NozApp/d
ocs/grafici/logo.jpg>]
File: ./grafici/logo.jpg Graphic file (type jpg)
<use ./grafici/logo.jpg>
Package pdftex.def Info: ./grafici/logo.jpg  used on input line 107.
(pdftex.def)             Requested size: 34.14235pt x 34.14322pt.


Package fancyhdr Warning: \headheight is too small (12.0pt): 
(fancyhdr)                Make it at least 38.49326pt, for example:
(fancyhdr)                \setlength{\headheight}{38.49326pt}.
(fancyhdr)                You might also make \topmargin smaller to compensate:

(fancyhdr)                \addtolength{\topmargin}{-26.49326pt}.

[3]
Underfull \hbox (badness 10000) in paragraph at lines 109--111

 []

File: ./grafici/logo.jpg Graphic file (type jpg)
<use ./grafici/logo.jpg>
Package pdftex.def Info: ./grafici/logo.jpg  used on input line 128.
(pdftex.def)             Requested size: 34.14235pt x 34.14322pt.

Package fancyhdr Warning: \headheight is too small (12.0pt): 
(fancyhdr)                Make it at least 38.49326pt, for example:
(fancyhdr)                \setlength{\headheight}{38.49326pt}.
(fancyhdr)                You might also make \topmargin smaller to compensate:

(fancyhdr)                \addtolength{\topmargin}{-26.49326pt}.

[4]
Overfull \hbox (2.78683pt too wide) in paragraph at lines 158--165
 [][] 
 []

File: ./grafici/logo.jpg Graphic file (type jpg)
<use ./grafici/logo.jpg>
Package pdftex.def Info: ./grafici/logo.jpg  used on input line 180.
(pdftex.def)             Requested size: 34.14235pt x 34.14322pt.

Package fancyhdr Warning: \headheight is too small (12.0pt): 
(fancyhdr)                Make it at least 38.49326pt, for example:
(fancyhdr)                \setlength{\headheight}{38.49326pt}.
(fancyhdr)                You might also make \topmargin smaller to compensate:

(fancyhdr)                \addtolength{\topmargin}{-26.49326pt}.

[5]
Overfull \hbox (5.01042pt too wide) in paragraph at lines 185--193
 [][] 
 []

File: ./grafici/logo.jpg Graphic file (type jpg)
<use ./grafici/logo.jpg>
Package pdftex.def Info: ./grafici/logo.jpg  used on input line 234.
(pdftex.def)             Requested size: 34.14235pt x 34.14322pt.

Package fancyhdr Warning: \headheight is too small (12.0pt): 
(fancyhdr)                Make it at least 38.49326pt, for example:
(fancyhdr)                \setlength{\headheight}{38.49326pt}.
(fancyhdr)                You might also make \topmargin smaller to compensate:

(fancyhdr)                \addtolength{\topmargin}{-26.49326pt}.

[6]
Overfull \hbox (31.08081pt too wide) in paragraph at lines 238--238
 []\OT1/cmtt/m/n/12 links_df = links_df[links_df['tmdbId'].notnull()&(links_df[
'tmdbId'] > 0)][] 
 []


Overfull \hbox (43.43082pt too wide) in paragraph at lines 262--262
 []\OT1/cmtt/m/n/12 genome_scores_with_tags = genome_scores_df.merge(genome_tag
s_df, on="tagId")[] 
 []


Overfull \hbox (24.9058pt too wide) in paragraph at lines 268--268
 []\OT1/cmtt/m/n/12 movies_with_tags = movies_df.merge(genome_scores_with_tags,
 on="movieId")[] 
 []


Overfull \hbox (18.7308pt too wide) in paragraph at lines 276--276
 []    \OT1/cmtt/m/n/12 movies_with_tags.merge(links_df[['movieId', 'tmdbId']],
on="movieId")[] 
 []

File: ./grafici/logo.jpg Graphic file (type jpg)
<use ./grafici/logo.jpg>
Package pdftex.def Info: ./grafici/logo.jpg  used on input line 279.
(pdftex.def)             Requested size: 34.14235pt x 34.14322pt.

Package fancyhdr Warning: \headheight is too small (12.0pt): 
(fancyhdr)                Make it at least 38.49326pt, for example:
(fancyhdr)                \setlength{\headheight}{38.49326pt}.
(fancyhdr)                You might also make \topmargin smaller to compensate:

(fancyhdr)                \addtolength{\topmargin}{-26.49326pt}.

[7]
Overfull \hbox (43.43082pt too wide) in paragraph at lines 300--300
 []\OT1/cmtt/m/n/12 movies_df['genres_list'] = movies_df['genres'].apply(lambda
 x: x.split('|'))[] 
 []


Overfull \hbox (31.08081pt too wide) in paragraph at lines 300--300
 []\OT1/cmtt/m/n/12 genres_encoded = pd.DataFrame(mlb.fit_transform(movies_df['
genres_list']),[] 
 []

File: ./grafici/logo.jpg Graphic file (type jpg)
<use ./grafici/logo.jpg>
Package pdftex.def Info: ./grafici/logo.jpg  used on input line 301.
(pdftex.def)             Requested size: 34.14235pt x 34.14322pt.

Package fancyhdr Warning: \headheight is too small (12.0pt): 
(fancyhdr)                Make it at least 38.49326pt, for example:
(fancyhdr)                \setlength{\headheight}{38.49326pt}.
(fancyhdr)                You might also make \topmargin smaller to compensate:

(fancyhdr)                \addtolength{\topmargin}{-26.49326pt}.

[8]

LaTeX Warning: Hyper reference `sec:unione-dataset' on page 9 undefined on inpu
t line 303.


Overfull \hbox (6.3808pt too wide) in paragraph at lines 307--307
 []\OT1/cmtt/m/n/12 tag_relevance = final_dataset.groupby(['movieId', 'tag'])['
relevance'][] 
 []


Overfull \hbox (37.25581pt too wide) in paragraph at lines 320--320
 []   \OT1/cmtt/m/n/12 pd.concat([genres_encoded, tag_relevance], axis=1, sort=
False).fillna(0)[] 
 []


Overfull \hbox (55.78082pt too wide) in paragraph at lines 320--320
 []   \OT1/cmtt/m/n/12 feature_matrix.loc[feature_matrix.index.intersection(mov
ies_df['movieId'])][] 
 []

File: ./grafici/logo.jpg Graphic file (type jpg)
<use ./grafici/logo.jpg>
Package pdftex.def Info: ./grafici/logo.jpg  used on input line 324.
(pdftex.def)             Requested size: 34.14235pt x 34.14322pt.

Package fancyhdr Warning: \headheight is too small (12.0pt): 
(fancyhdr)                Make it at least 38.49326pt, for example:
(fancyhdr)                \setlength{\headheight}{38.49326pt}.
(fancyhdr)                You might also make \topmargin smaller to compensate:

(fancyhdr)                \addtolength{\topmargin}{-26.49326pt}.

[9]
File: ./grafici/logo.jpg Graphic file (type jpg)
<use ./grafici/logo.jpg>
Package pdftex.def Info: ./grafici/logo.jpg  used on input line 335.
(pdftex.def)             Requested size: 34.14235pt x 34.14322pt.


Package fancyhdr Warning: \headheight is too small (12.0pt): 
(fancyhdr)                Make it at least 38.49326pt, for example:
(fancyhdr)                \setlength{\headheight}{38.49326pt}.
(fancyhdr)                You might also make \topmargin smaller to compensate:

(fancyhdr)                \addtolength{\topmargin}{-26.49326pt}.

[10]
<./grafici/PCA.png, id=94, 346.896pt x 260.172pt>
File: ./grafici/PCA.png Graphic file (type png)
<use ./grafici/PCA.png>
Package pdftex.def Info: ./grafici/PCA.png  used on input line 340.
(pdftex.def)             Requested size: 346.89514pt x 260.17134pt.
File: ./grafici/logo.jpg Graphic file (type jpg)
<use ./grafici/logo.jpg>
Package pdftex.def Info: ./grafici/logo.jpg  used on input line 347.
(pdftex.def)             Requested size: 34.14235pt x 34.14322pt.


Package fancyhdr Warning: \headheight is too small (12.0pt): 
(fancyhdr)                Make it at least 38.49326pt, for example:
(fancyhdr)                \setlength{\headheight}{38.49326pt}.
(fancyhdr)                You might also make \topmargin smaller to compensate:

(fancyhdr)                \addtolength{\topmargin}{-26.49326pt}.

[11 <D:/ProgettoFIA/DocumentazioneProgetto/DocumentazioneProgettoGitHub/NozApp/
docs/grafici/PCA.png>]
<./grafici/elbow_point.png, id=103, 361.35pt x 216.81pt>
File: ./grafici/elbow_point.png Graphic file (type png)
<use ./grafici/elbow_point.png>
Package pdftex.def Info: ./grafici/elbow_point.png  used on input line 353.
(pdftex.def)             Requested size: 361.34912pt x 216.80946pt.
File: ./grafici/logo.jpg Graphic file (type jpg)
<use ./grafici/logo.jpg>
Package pdftex.def Info: ./grafici/logo.jpg  used on input line 361.
(pdftex.def)             Requested size: 34.14235pt x 34.14322pt.


Package fancyhdr Warning: \headheight is too small (12.0pt): 
(fancyhdr)                Make it at least 38.49326pt, for example:
(fancyhdr)                \setlength{\headheight}{38.49326pt}.
(fancyhdr)                You might also make \topmargin smaller to compensate:

(fancyhdr)                \addtolength{\topmargin}{-26.49326pt}.

[12 <D:/ProgettoFIA/DocumentazioneProgetto/DocumentazioneProgettoGitHub/NozApp/
docs/grafici/elbow_point.png>]
<./grafici/silhouette_score.png, id=110, 361.35pt x 216.81pt>
File: ./grafici/silhouette_score.png Graphic file (type png)
<use ./grafici/silhouette_score.png>
Package pdftex.def Info: ./grafici/silhouette_score.png  used on input line 365
.
(pdftex.def)             Requested size: 361.34912pt x 216.80946pt.
File: ./grafici/logo.jpg Graphic file (type jpg)
<use ./grafici/logo.jpg>
Package pdftex.def Info: ./grafici/logo.jpg  used on input line 376.
(pdftex.def)             Requested size: 34.14235pt x 34.14322pt.


Package fancyhdr Warning: \headheight is too small (12.0pt): 
(fancyhdr)                Make it at least 38.49326pt, for example:
(fancyhdr)                \setlength{\headheight}{38.49326pt}.
(fancyhdr)                You might also make \topmargin smaller to compensate:

(fancyhdr)                \addtolength{\topmargin}{-26.49326pt}.

[13 <D:/ProgettoFIA/DocumentazioneProgetto/DocumentazioneProgettoGitHub/NozApp/
docs/grafici/silhouette_score.png>]
Overfull \hbox (69.63115pt too wide) in paragraph at lines 401--401
[]\OT1/cmtt/m/n/12 pd.DataFrame(centroids).to_csv('kmeans_cluster_centers.csv',
index=False,header=False)[] 
 []


Overfull \hbox (44.93114pt too wide) in paragraph at lines 401--401
[]\OT1/cmtt/m/n/12 movies_with_clusters['cluster'] = pd.Series(clusters, index=
feature_matrix.index)[] 
 []


Overfull \hbox (51.10614pt too wide) in paragraph at lines 401--401
[]\OT1/cmtt/m/n/12 movies_with_clusters.reset_index().to_csv('movies_with_clust
ers.csv', index=False)[] 
 []

File: ./grafici/logo.jpg Graphic file (type jpg)
<use ./grafici/logo.jpg>
Package pdftex.def Info: ./grafici/logo.jpg  used on input line 409.
(pdftex.def)             Requested size: 34.14235pt x 34.14322pt.

Package fancyhdr Warning: \headheight is too small (12.0pt): 
(fancyhdr)                Make it at least 38.49326pt, for example:
(fancyhdr)                \setlength{\headheight}{38.49326pt}.
(fancyhdr)                You might also make \topmargin smaller to compensate:

(fancyhdr)                \addtolength{\topmargin}{-26.49326pt}.

[14]
File: ./grafici/logo.jpg Graphic file (type jpg)
<use ./grafici/logo.jpg>
Package pdftex.def Info: ./grafici/logo.jpg  used on input line 443.
(pdftex.def)             Requested size: 34.14235pt x 34.14322pt.


Package fancyhdr Warning: \headheight is too small (12.0pt): 
(fancyhdr)                Make it at least 38.49326pt, for example:
(fancyhdr)                \setlength{\headheight}{38.49326pt}.
(fancyhdr)                You might also make \topmargin smaller to compensate:

(fancyhdr)                \addtolength{\topmargin}{-26.49326pt}.

[15]
File: ./grafici/logo.jpg Graphic file (type jpg)
<use ./grafici/logo.jpg>
Package pdftex.def Info: ./grafici/logo.jpg  used on input line 463.
(pdftex.def)             Requested size: 34.14235pt x 34.14322pt.


Package fancyhdr Warning: \headheight is too small (12.0pt): 
(fancyhdr)                Make it at least 38.49326pt, for example:
(fancyhdr)                \setlength{\headheight}{38.49326pt}.
(fancyhdr)                You might also make \topmargin smaller to compensate:

(fancyhdr)                \addtolength{\topmargin}{-26.49326pt}.

[16]
<./grafici/backend.png, id=144, 437.2335pt x 528.17325pt>
File: ./grafici/backend.png Graphic file (type png)
<use ./grafici/backend.png>
Package pdftex.def Info: ./grafici/backend.png  used on input line 467.
(pdftex.def)             Requested size: 437.23242pt x 528.17195pt.
File: ./grafici/logo.jpg Graphic file (type jpg)
<use ./grafici/logo.jpg>
Package pdftex.def Info: ./grafici/logo.jpg  used on input line 475.
(pdftex.def)             Requested size: 34.14235pt x 34.14322pt.


Package fancyhdr Warning: \headheight is too small (12.0pt): 
(fancyhdr)                Make it at least 38.49326pt, for example:
(fancyhdr)                \setlength{\headheight}{38.49326pt}.
(fancyhdr)                You might also make \topmargin smaller to compensate:

(fancyhdr)                \addtolength{\topmargin}{-26.49326pt}.

[17 <D:/ProgettoFIA/DocumentazioneProgetto/DocumentazioneProgettoGitHub/NozApp/
docs/grafici/backend.png>]
File: ./grafici/logo.jpg Graphic file (type jpg)
<use ./grafici/logo.jpg>
Package pdftex.def Info: ./grafici/logo.jpg  used on input line 501.
(pdftex.def)             Requested size: 34.14235pt x 34.14322pt.


Package fancyhdr Warning: \headheight is too small (12.0pt): 
(fancyhdr)                Make it at least 38.49326pt, for example:
(fancyhdr)                \setlength{\headheight}{38.49326pt}.
(fancyhdr)                You might also make \topmargin smaller to compensate:

(fancyhdr)                \addtolength{\topmargin}{-26.49326pt}.

[18]
File: ./grafici/logo.jpg Graphic file (type jpg)
<use ./grafici/logo.jpg>
Package pdftex.def Info: ./grafici/logo.jpg  used on input line 519.
(pdftex.def)             Requested size: 34.14235pt x 34.14322pt.


Package fancyhdr Warning: \headheight is too small (12.0pt): 
(fancyhdr)                Make it at least 38.49326pt, for example:
(fancyhdr)                \setlength{\headheight}{38.49326pt}.
(fancyhdr)                You might also make \topmargin smaller to compensate:

(fancyhdr)                \addtolength{\topmargin}{-26.49326pt}.

[19] (nozApp.aux)
 ***********
LaTeX2e <2023-11-01> patch level 1
L3 programming layer <2024-01-04>
 ***********


LaTeX Warning: There were undefined references.


LaTeX Warning: Label(s) may have changed. Rerun to get cross-references right.


Package rerunfilecheck Warning: File `nozApp.out' has changed.
(rerunfilecheck)                Rerun to get outlines right
(rerunfilecheck)                or use package `bookmark'.

Package rerunfilecheck Info: Checksums for `nozApp.out':
(rerunfilecheck)             Before: <no file>
(rerunfilecheck)             After:  3FA9C0C55A1DBDD256C575281702B957;6071.
 ) 
Here is how much of TeX's memory you used:
 11587 strings out of 474486
 179915 string characters out of 5757321
 1937542 words of memory out of 5000000
 33657 multiletter control sequences out of 15000+600000
 563475 words of font info for 54 fonts, out of 8000000 for 9000
 1141 hyphenation exceptions out of 8191
 75i,16n,79p,979b,564s stack positions out of 10000i,1000n,20000p,200000b,200000s
 <C:\Users\loren\AppData\Local\MiKTeX\fonts/pk/ljfour/jknappen/ec/dpi600\tcrm
1200.pk><D:/MikTex Latex/fonts/type1/public/amsfonts/cm/cmbx12.pfb><D:/MikTex L
atex/fonts/type1/public/amsfonts/cm/cmr10.pfb><D:/MikTex Latex/fonts/type1/publ
ic/amsfonts/cm/cmr12.pfb><D:/MikTex Latex/fonts/type1/public/amsfonts/cm/cmti12
.pfb><D:/MikTex Latex/fonts/type1/public/amsfonts/cm/cmtt12.pfb>
Output written on nozApp.pdf (19 pages, 280614 bytes).
PDF statistics:
 210 PDF objects out of 1000 (max. 8388607)
 84 named destinations out of 1000 (max. 500000)
 26 words of extra memory for PDF output out of 10000 (max. 10000000)

